# JRE version: OpenJDK Runtime Environment (17.0.11) (build 17.0.11+0--11852314)
# Java VM: OpenJDK 64-Bit Server VM (17.0.11+0--11852314, mixed mode, tiered, compressed oops, compressed class ptrs, g1 gc, windows-amd64)
GC Precious Log:
 CPUs: 12 total, 12 available
 Memory: 7598M
 Large Page Support: Disabled
 NUMA Support: Disabled
 Compressed Oops: Enabled (32-bit)
 Heap Region Size: 1M
 Heap Min Capacity: 8M
 Heap Initial Capacity: 120M
 Heap Max Capacity: 2G
 Pre-touch: Disabled
 Parallel Workers: 10
 Concurrent Workers: 3
 Concurrent Refinement Workers: 10
 Periodic GC: Disabled
Heap:
 garbage-first heap   total 148480K, used 75489K [0x0000000080000000, 0x0000000100000000)
  region size 1024K, 3 young (3072K), 3 survivors (3072K)
 Metaspace       used 73143K, committed 73792K, reserved 1114112K
  class space    used 9928K, committed 10240K, reserved 1048576K
GC Heap History (20 events):
Event: 11.071 GC heap after
{Heap after GC invocations=16 (full 0):
 garbage-first heap   total 82944K, used 42066K [0x0000000080000000, 0x0000000100000000)
  region size 1024K, 4 young (4096K), 4 survivors (4096K)
 Metaspace       used 56617K, committed 57152K, reserved 1114112K
  class space    used 7751K, committed 8000K, reserved 1048576K
}
Event: 11.315 GC heap before
{Heap before GC invocations=16 (full 0):
 garbage-first heap   total 82944K, used 63570K [0x0000000080000000, 0x0000000100000000)
  region size 1024K, 26 young (26624K), 4 survivors (4096K)
 Metaspace       used 56796K, committed 57280K, reserved 1114112K
  class space    used 7751K, committed 8000K, reserved 1048576K
}
Event: 11.320 GC heap after
{Heap after GC invocations=17 (full 0):
 garbage-first heap   total 82944K, used 43119K [0x0000000080000000, 0x0000000100000000)
  region size 1024K, 4 young (4096K), 4 survivors (4096K)
 Metaspace       used 56796K, committed 57280K, reserved 1114112K
  class space    used 7751K, committed 8000K, reserved 1048576K
}
Event: 11.777 GC heap before
{Heap before GC invocations=18 (full 0):
 garbage-first heap   total 82944K, used 71791K [0x0000000080000000, 0x0000000100000000)
  region size 1024K, 23 young (23552K), 4 survivors (4096K)
 Metaspace       used 57372K, committed 57920K, reserved 1114112K
  class space    used 7858K, committed 8128K, reserved 1048576K
}
Event: 11.782 GC heap after
{Heap after GC invocations=19 (full 0):
 garbage-first heap   total 82944K, used 58910K [0x0000000080000000, 0x0000000100000000)
  region size 1024K, 3 young (3072K), 3 survivors (3072K)
 Metaspace       used 57372K, committed 57920K, reserved 1114112K
  class space    used 7858K, committed 8128K, reserved 1048576K
}
Event: 11.795 GC heap before
{Heap before GC invocations=19 (full 0):
 garbage-first heap   total 82944K, used 60958K [0x0000000080000000, 0x0000000100000000)
  region size 1024K, 4 young (4096K), 3 survivors (3072K)
 Metaspace       used 57372K, committed 57920K, reserved 1114112K
  class space    used 7858K, committed 8128K, reserved 1048576K
}
Event: 11.799 GC heap after
{Heap after GC invocations=20 (full 0):
 garbage-first heap   total 82944K, used 60902K [0x0000000080000000, 0x0000000100000000)
  region size 1024K, 1 young (1024K), 1 survivors (1024K)
 Metaspace       used 57372K, committed 57920K, reserved 1114112K
  class space    used 7858K, committed 8128K, reserved 1048576K
}
Event: 11.800 GC heap before
{Heap before GC invocations=20 (full 0):
 garbage-first heap   total 82944K, used 60902K [0x0000000080000000, 0x0000000100000000)
  region size 1024K, 2 young (2048K), 1 survivors (1024K)
 Metaspace       used 57372K, committed 57920K, reserved 1114112K
  class space    used 7858K, committed 8128K, reserved 1048576K
}
Event: 11.803 GC heap after
{Heap after GC invocations=21 (full 0):
 garbage-first heap   total 148480K, used 61199K [0x0000000080000000, 0x0000000100000000)
  region size 1024K, 1 young (1024K), 1 survivors (1024K)
 Metaspace       used 57372K, committed 57920K, reserved 1114112K
  class space    used 7858K, committed 8128K, reserved 1048576K
}
Event: 12.461 GC heap before
{Heap before GC invocations=21 (full 0):
 garbage-first heap   total 148480K, used 105231K [0x0000000080000000, 0x0000000100000000)
  region size 1024K, 42 young (43008K), 1 survivors (1024K)
 Metaspace       used 60429K, committed 60992K, reserved 1114112K
  class space    used 8276K, committed 8576K, reserved 1048576K
}
Event: 12.465 GC heap after
{Heap after GC invocations=22 (full 0):
 garbage-first heap   total 148480K, used 66407K [0x0000000080000000, 0x0000000100000000)
  region size 1024K, 4 young (4096K), 4 survivors (4096K)
 Metaspace       used 60429K, committed 60992K, reserved 1114112K
  class space    used 8276K, committed 8576K, reserved 1048576K
}
Event: 13.272 GC heap before
{Heap before GC invocations=22 (full 0):
 garbage-first heap   total 148480K, used 107367K [0x0000000080000000, 0x0000000100000000)
  region size 1024K, 44 young (45056K), 4 survivors (4096K)
 Metaspace       used 64574K, committed 65152K, reserved 1114112K
  class space    used 8767K, committed 9024K, reserved 1048576K
}
Event: 13.276 GC heap after
{Heap after GC invocations=23 (full 0):
 garbage-first heap   total 148480K, used 67657K [0x0000000080000000, 0x0000000100000000)
  region size 1024K, 2 young (2048K), 2 survivors (2048K)
 Metaspace       used 64574K, committed 65152K, reserved 1114112K
  class space    used 8767K, committed 9024K, reserved 1048576K
}
Event: 13.655 GC heap before
{Heap before GC invocations=23 (full 0):
 garbage-first heap   total 148480K, used 86089K [0x0000000080000000, 0x0000000100000000)
  region size 1024K, 21 young (21504K), 2 survivors (2048K)
 Metaspace       used 67295K, committed 67904K, reserved 1114112K
  class space    used 9134K, committed 9408K, reserved 1048576K
}
Event: 13.659 GC heap after
{Heap after GC invocations=24 (full 0):
 garbage-first heap   total 148480K, used 69590K [0x0000000080000000, 0x0000000100000000)
  region size 1024K, 4 young (4096K), 4 survivors (4096K)
 Metaspace       used 67295K, committed 67904K, reserved 1114112K
  class space    used 9134K, committed 9408K, reserved 1048576K
}
Event: 14.253 GC heap before
{Heap before GC invocations=25 (full 0):
 garbage-first heap   total 148480K, used 117718K [0x0000000080000000, 0x0000000100000000)
  region size 1024K, 46 young (47104K), 4 survivors (4096K)
 Metaspace       used 69584K, committed 70208K, reserved 1114112K
  class space    used 9464K, committed 9728K, reserved 1048576K
}
Event: 14.261 GC heap after
{Heap after GC invocations=26 (full 0):
 garbage-first heap   total 148480K, used 74078K [0x0000000080000000, 0x0000000100000000)
  region size 1024K, 6 young (6144K), 6 survivors (6144K)
 Metaspace       used 69584K, committed 70208K, reserved 1114112K
  class space    used 9464K, committed 9728K, reserved 1048576K
}
Event: 14.279 GC heap before
{Heap before GC invocations=26 (full 0):
 garbage-first heap   total 148480K, used 75102K [0x0000000080000000, 0x0000000100000000)
  region size 1024K, 7 young (7168K), 6 survivors (6144K)
 Metaspace       used 69673K, committed 70336K, reserved 1114112K
  class space    used 9475K, committed 9792K, reserved 1048576K
}
Event: 14.284 GC heap after
{Heap after GC invocations=27 (full 0):
 garbage-first heap   total 148480K, used 73940K [0x0000000080000000, 0x0000000100000000)
  region size 1024K, 1 young (1024K), 1 survivors (1024K)
 Metaspace       used 69673K, committed 70336K, reserved 1114112K
  class space    used 9475K, committed 9792K, reserved 1048576K
}
Event: 15.000 GC heap before
{Heap before GC invocations=27 (full 0):
 garbage-first heap   total 148480K, used 109780K [0x0000000080000000, 0x0000000100000000)
  region size 1024K, 37 young (37888K), 1 survivors (1024K)
 Metaspace       used 73143K, committed 73792K, reserved 1114112K
  class space    used 9928K, committed 10240K, reserved 1048576K
}

