# JRE version: OpenJDK Runtime Environment (17.0.11) (build 17.0.11+0--11852314)
# Java VM: OpenJDK 64-Bit Server VM (17.0.11+0--11852314, mixed mode, tiered, compressed oops, compressed class ptrs, g1 gc, windows-amd64)
GC Precious Log:
 CPUs: 12 total, 12 available
 Memory: 7598M
 Large Page Support: Disabled
 NUMA Support: Disabled
 Compressed Oops: Enabled (32-bit)
 Heap Region Size: 1M
 Heap Min Capacity: 8M
 Heap Initial Capacity: 120M
 Heap Max Capacity: 2G
 Pre-touch: Disabled
 Parallel Workers: 10
 Concurrent Workers: 3
 Concurrent Refinement Workers: 10
 Periodic GC: Disabled
Heap:
 garbage-first heap   total 145408K, used 87717K [0x0000000080000000, 0x0000000100000000)
  region size 1024K, 2 young (2048K), 2 survivors (2048K)
 Metaspace       used 82363K, committed 83008K, reserved 1179648K
  class space    used 11210K, committed 11520K, reserved 1048576K
GC Heap History (20 events):
Event: 11.380 GC heap after
{Heap after GC invocations=24 (full 0):
 garbage-first heap   total 114688K, used 65569K [0x0000000080000000, 0x0000000100000000)
  region size 1024K, 1 young (1024K), 1 survivors (1024K)
 Metaspace       used 60175K, committed 60800K, reserved 1114112K
  class space    used 8242K, committed 8512K, reserved 1048576K
}
Event: 11.923 GC heap before
{Heap before GC invocations=24 (full 0):
 garbage-first heap   total 114688K, used 88097K [0x0000000080000000, 0x0000000100000000)
  region size 1024K, 24 young (24576K), 1 survivors (1024K)
 Metaspace       used 62422K, committed 63040K, reserved 1114112K
  class space    used 8477K, committed 8768K, reserved 1048576K
}
Event: 11.927 GC heap after
{Heap after GC invocations=25 (full 0):
 garbage-first heap   total 145408K, used 66078K [0x0000000080000000, 0x0000000100000000)
  region size 1024K, 1 young (1024K), 1 survivors (1024K)
 Metaspace       used 62422K, committed 63040K, reserved 1114112K
  class space    used 8477K, committed 8768K, reserved 1048576K
}
Event: 13.425 GC heap before
{Heap before GC invocations=26 (full 0):
 garbage-first heap   total 145408K, used 110110K [0x0000000080000000, 0x0000000100000000)
  region size 1024K, 43 young (44032K), 1 survivors (1024K)
 Metaspace       used 67237K, committed 67840K, reserved 1114112K
  class space    used 9136K, committed 9408K, reserved 1048576K
}
Event: 13.432 GC heap after
{Heap after GC invocations=27 (full 0):
 garbage-first heap   total 145408K, used 70864K [0x0000000080000000, 0x0000000100000000)
  region size 1024K, 5 young (5120K), 5 survivors (5120K)
 Metaspace       used 67237K, committed 67840K, reserved 1114112K
  class space    used 9136K, committed 9408K, reserved 1048576K
}
Event: 13.441 GC heap before
{Heap before GC invocations=27 (full 0):
 garbage-first heap   total 145408K, used 75984K [0x0000000080000000, 0x0000000100000000)
  region size 1024K, 7 young (7168K), 5 survivors (5120K)
 Metaspace       used 67237K, committed 67840K, reserved 1114112K
  class space    used 9136K, committed 9408K, reserved 1048576K
}
Event: 13.445 GC heap after
{Heap after GC invocations=28 (full 0):
 garbage-first heap   total 145408K, used 73378K [0x0000000080000000, 0x0000000100000000)
  region size 1024K, 1 young (1024K), 1 survivors (1024K)
 Metaspace       used 67237K, committed 67840K, reserved 1114112K
  class space    used 9136K, committed 9408K, reserved 1048576K
}
Event: 14.273 GC heap before
{Heap before GC invocations=28 (full 0):
 garbage-first heap   total 145408K, used 113314K [0x0000000080000000, 0x0000000100000000)
  region size 1024K, 39 young (39936K), 1 survivors (1024K)
 Metaspace       used 69701K, committed 70336K, reserved 1114112K
  class space    used 9474K, committed 9792K, reserved 1048576K
}
Event: 14.277 GC heap after
{Heap after GC invocations=29 (full 0):
 garbage-first heap   total 145408K, used 74852K [0x0000000080000000, 0x0000000100000000)
  region size 1024K, 3 young (3072K), 3 survivors (3072K)
 Metaspace       used 69701K, committed 70336K, reserved 1114112K
  class space    used 9474K, committed 9792K, reserved 1048576K
}
Event: 15.629 GC heap before
{Heap before GC invocations=30 (full 0):
 garbage-first heap   total 145408K, used 116836K [0x0000000080000000, 0x0000000100000000)
  region size 1024K, 41 young (41984K), 3 survivors (3072K)
 Metaspace       used 73262K, committed 73920K, reserved 1114112K
  class space    used 9935K, committed 10240K, reserved 1048576K
}
Event: 15.636 GC heap after
{Heap after GC invocations=31 (full 0):
 garbage-first heap   total 145408K, used 79787K [0x0000000080000000, 0x0000000100000000)
  region size 1024K, 6 young (6144K), 6 survivors (6144K)
 Metaspace       used 73262K, committed 73920K, reserved 1114112K
  class space    used 9935K, committed 10240K, reserved 1048576K
}
Event: 15.680 GC heap before
{Heap before GC invocations=31 (full 0):
 garbage-first heap   total 145408K, used 80811K [0x0000000080000000, 0x0000000100000000)
  region size 1024K, 7 young (7168K), 6 survivors (6144K)
 Metaspace       used 73316K, committed 73920K, reserved 1114112K
  class space    used 9943K, committed 10240K, reserved 1048576K
}
Event: 15.687 GC heap after
{Heap after GC invocations=32 (full 0):
 garbage-first heap   total 145408K, used 79741K [0x0000000080000000, 0x0000000100000000)
  region size 1024K, 1 young (1024K), 1 survivors (1024K)
 Metaspace       used 73316K, committed 73920K, reserved 1114112K
  class space    used 9943K, committed 10240K, reserved 1048576K
}
Event: 17.061 GC heap before
{Heap before GC invocations=32 (full 0):
 garbage-first heap   total 145408K, used 115581K [0x0000000080000000, 0x0000000100000000)
  region size 1024K, 36 young (36864K), 1 survivors (1024K)
 Metaspace       used 77034K, committed 77696K, reserved 1179648K
  class space    used 10476K, committed 10816K, reserved 1048576K
}
Event: 17.063 GC heap after
{Heap after GC invocations=33 (full 0):
 garbage-first heap   total 145408K, used 80525K [0x0000000080000000, 0x0000000100000000)
  region size 1024K, 2 young (2048K), 2 survivors (2048K)
 Metaspace       used 77034K, committed 77696K, reserved 1179648K
  class space    used 10476K, committed 10816K, reserved 1048576K
}
Event: 17.792 GC heap before
{Heap before GC invocations=33 (full 0):
 garbage-first heap   total 145408K, used 117389K [0x0000000080000000, 0x0000000100000000)
  region size 1024K, 38 young (38912K), 2 survivors (2048K)
 Metaspace       used 79621K, committed 80256K, reserved 1179648K
  class space    used 10839K, committed 11136K, reserved 1048576K
}
Event: 17.797 GC heap after
{Heap after GC invocations=34 (full 0):
 garbage-first heap   total 145408K, used 82484K [0x0000000080000000, 0x0000000100000000)
  region size 1024K, 4 young (4096K), 4 survivors (4096K)
 Metaspace       used 79621K, committed 80256K, reserved 1179648K
  class space    used 10839K, committed 11136K, reserved 1048576K
}
Event: 18.316 GC heap before
{Heap before GC invocations=34 (full 0):
 garbage-first heap   total 145408K, used 118324K [0x0000000080000000, 0x0000000100000000)
  region size 1024K, 39 young (39936K), 4 survivors (4096K)
 Metaspace       used 80310K, committed 80960K, reserved 1179648K
  class space    used 10923K, committed 11264K, reserved 1048576K
}
Event: 18.325 GC heap after
{Heap after GC invocations=35 (full 0):
 garbage-first heap   total 145408K, used 86147K [0x0000000080000000, 0x0000000100000000)
  region size 1024K, 5 young (5120K), 5 survivors (5120K)
 Metaspace       used 80310K, committed 80960K, reserved 1179648K
  class space    used 10923K, committed 11264K, reserved 1048576K
}
Event: 19.392 GC heap before
{Heap before GC invocations=35 (full 0):
 garbage-first heap   total 145408K, used 117891K [0x0000000080000000, 0x0000000100000000)
  region size 1024K, 37 young (37888K), 5 survivors (5120K)
 Metaspace       used 82363K, committed 83008K, reserved 1179648K
  class space    used 11210K, committed 11520K, reserved 1048576K
}

