# JRE version: OpenJDK Runtime Environment (17.0.11) (build 17.0.11+0--11852314)
# Java VM: OpenJDK 64-Bit Server VM (17.0.11+0--11852314, mixed mode, tiered, compressed oops, compressed class ptrs, g1 gc, windows-amd64)
GC Precious Log:
 CPUs: 12 total, 12 available
 Memory: 7598M
 Large Page Support: Disabled
 NUMA Support: Disabled
 Compressed Oops: Enabled (32-bit)
 Heap Region Size: 1M
 Heap Min Capacity: 8M
 Heap Initial Capacity: 120M
 Heap Max Capacity: 2G
 Pre-touch: Disabled
 Parallel Workers: 10
 Concurrent Workers: 3
 Concurrent Refinement Workers: 10
 Periodic GC: Disabled
Heap:
 garbage-first heap   total 295936K, used 255986K [0x0000000080000000, 0x0000000100000000)
  region size 1024K, 95 young (97280K), 12 survivors (12288K)
 Metaspace       used 128311K, committed 129344K, reserved 1179648K
  class space    used 18097K, committed 18624K, reserved 1048576K
GC Heap History (20 events):
Event: 21.166 GC heap before
{Heap before GC invocations=41 (full 0):
 garbage-first heap   total 194560K, used 159928K [0x0000000080000000, 0x0000000100000000)
  region size 1024K, 56 young (57344K), 5 survivors (5120K)
 Metaspace       used 104782K, committed 105600K, reserved 1179648K
  class space    used 14636K, committed 15040K, reserved 1048576K
}
Event: 21.174 GC heap after
{Heap after GC invocations=42 (full 0):
 garbage-first heap   total 194560K, used 112602K [0x0000000080000000, 0x0000000100000000)
  region size 1024K, 7 young (7168K), 7 survivors (7168K)
 Metaspace       used 104782K, committed 105600K, reserved 1179648K
  class space    used 14636K, committed 15040K, reserved 1048576K
}
Event: 21.558 GC heap before
{Heap before GC invocations=42 (full 0):
 garbage-first heap   total 194560K, used 158682K [0x0000000080000000, 0x0000000100000000)
  region size 1024K, 53 young (54272K), 7 survivors (7168K)
 Metaspace       used 105232K, committed 106048K, reserved 1179648K
  class space    used 14711K, committed 15104K, reserved 1048576K
}
Event: 21.566 GC heap after
{Heap after GC invocations=43 (full 0):
 garbage-first heap   total 194560K, used 114093K [0x0000000080000000, 0x0000000100000000)
  region size 1024K, 4 young (4096K), 4 survivors (4096K)
 Metaspace       used 105232K, committed 106048K, reserved 1179648K
  class space    used 14711K, committed 15104K, reserved 1048576K
}
Event: 31.288 GC heap before
{Heap before GC invocations=43 (full 0):
 garbage-first heap   total 194560K, used 165293K [0x0000000080000000, 0x0000000100000000)
  region size 1024K, 50 young (51200K), 4 survivors (4096K)
 Metaspace       used 108618K, committed 109568K, reserved 1179648K
  class space    used 15132K, committed 15616K, reserved 1048576K
}
Event: 31.295 GC heap after
{Heap after GC invocations=44 (full 0):
 garbage-first heap   total 194560K, used 116191K [0x0000000080000000, 0x0000000100000000)
  region size 1024K, 5 young (5120K), 5 survivors (5120K)
 Metaspace       used 108618K, committed 109568K, reserved 1179648K
  class space    used 15132K, committed 15616K, reserved 1048576K
}
Event: 32.708 GC heap before
{Heap before GC invocations=44 (full 0):
 garbage-first heap   total 194560K, used 159199K [0x0000000080000000, 0x0000000100000000)
  region size 1024K, 48 young (49152K), 5 survivors (5120K)
 Metaspace       used 113730K, committed 114688K, reserved 1179648K
  class space    used 15904K, committed 16384K, reserved 1048576K
}
Event: 32.714 GC heap after
{Heap after GC invocations=45 (full 0):
 garbage-first heap   total 194560K, used 117762K [0x0000000080000000, 0x0000000100000000)
  region size 1024K, 2 young (2048K), 2 survivors (2048K)
 Metaspace       used 113730K, committed 114688K, reserved 1179648K
  class space    used 15904K, committed 16384K, reserved 1048576K
}
Event: 33.353 GC heap before
{Heap before GC invocations=45 (full 0):
 garbage-first heap   total 194560K, used 161794K [0x0000000080000000, 0x0000000100000000)
  region size 1024K, 46 young (47104K), 2 survivors (2048K)
 Metaspace       used 119716K, committed 120640K, reserved 1179648K
  class space    used 16874K, committed 17344K, reserved 1048576K
}
Event: 33.356 GC heap after
{Heap after GC invocations=46 (full 0):
 garbage-first heap   total 194560K, used 118385K [0x0000000080000000, 0x0000000100000000)
  region size 1024K, 3 young (3072K), 3 survivors (3072K)
 Metaspace       used 119716K, committed 120640K, reserved 1179648K
  class space    used 16874K, committed 17344K, reserved 1048576K
}
Event: 34.407 GC heap before
{Heap before GC invocations=46 (full 0):
 garbage-first heap   total 194560K, used 162417K [0x0000000080000000, 0x0000000100000000)
  region size 1024K, 47 young (48128K), 3 survivors (3072K)
 Metaspace       used 123803K, committed 124736K, reserved 1179648K
  class space    used 17637K, committed 18112K, reserved 1048576K
}
Event: 34.414 GC heap after
{Heap after GC invocations=47 (full 0):
 garbage-first heap   total 194560K, used 120005K [0x0000000080000000, 0x0000000100000000)
  region size 1024K, 5 young (5120K), 5 survivors (5120K)
 Metaspace       used 123803K, committed 124736K, reserved 1179648K
  class space    used 17637K, committed 18112K, reserved 1048576K
}
Event: 34.945 GC heap before
{Heap before GC invocations=47 (full 0):
 garbage-first heap   total 194560K, used 146629K [0x0000000080000000, 0x0000000100000000)
  region size 1024K, 25 young (25600K), 5 survivors (5120K)
 Metaspace       used 125649K, committed 126592K, reserved 1179648K
  class space    used 17879K, committed 18368K, reserved 1048576K
}
Event: 34.952 GC heap after
{Heap after GC invocations=48 (full 0):
 garbage-first heap   total 194560K, used 129732K [0x0000000080000000, 0x0000000100000000)
  region size 1024K, 5 young (5120K), 5 survivors (5120K)
 Metaspace       used 125649K, committed 126592K, reserved 1179648K
  class space    used 17879K, committed 18368K, reserved 1048576K
}
Event: 236.218 GC heap before
{Heap before GC invocations=49 (full 0):
 garbage-first heap   total 280576K, used 191172K [0x0000000080000000, 0x0000000100000000)
  region size 1024K, 32 young (32768K), 5 survivors (5120K)
 Metaspace       used 126626K, committed 127616K, reserved 1179648K
  class space    used 18036K, committed 18496K, reserved 1048576K
}
Event: 236.242 GC heap after
{Heap after GC invocations=50 (full 0):
 garbage-first heap   total 280576K, used 122253K [0x0000000080000000, 0x0000000100000000)
  region size 1024K, 3 young (3072K), 3 survivors (3072K)
 Metaspace       used 126626K, committed 127616K, reserved 1179648K
  class space    used 18036K, committed 18496K, reserved 1048576K
}
Event: 236.380 GC heap before
{Heap before GC invocations=50 (full 0):
 garbage-first heap   total 280576K, used 132493K [0x0000000080000000, 0x0000000100000000)
  region size 1024K, 13 young (13312K), 3 survivors (3072K)
 Metaspace       used 126692K, committed 127680K, reserved 1179648K
  class space    used 18041K, committed 18496K, reserved 1048576K
}
Event: 236.387 GC heap after
{Heap after GC invocations=51 (full 0):
 garbage-first heap   total 280576K, used 120266K [0x0000000080000000, 0x0000000100000000)
  region size 1024K, 2 young (2048K), 2 survivors (2048K)
 Metaspace       used 126692K, committed 127680K, reserved 1179648K
  class space    used 18041K, committed 18496K, reserved 1048576K
}
Event: 243.536 GC heap before
{Heap before GC invocations=51 (full 0):
 garbage-first heap   total 280576K, used 221642K [0x0000000080000000, 0x0000000100000000)
  region size 1024K, 103 young (105472K), 2 survivors (2048K)
 Metaspace       used 127805K, committed 128832K, reserved 1179648K
  class space    used 18074K, committed 18560K, reserved 1048576K
}
Event: 243.556 GC heap after
{Heap after GC invocations=52 (full 0):
 garbage-first heap   total 280576K, used 130034K [0x0000000080000000, 0x0000000100000000)
  region size 1024K, 12 young (12288K), 12 survivors (12288K)
 Metaspace       used 127805K, committed 128832K, reserved 1179648K
  class space    used 18074K, committed 18560K, reserved 1048576K
}

