# JRE version: OpenJDK Runtime Environment (17.0.11) (build 17.0.11+0--11852314)
# Java VM: OpenJDK 64-Bit Server VM (17.0.11+0--11852314, mixed mode, tiered, compressed oops, compressed class ptrs, g1 gc, windows-amd64)
GC Precious Log:
 CPUs: 12 total, 12 available
 Memory: 7598M
 Large Page Support: Disabled
 NUMA Support: Disabled
 Compressed Oops: Enabled (32-bit)
 Heap Region Size: 1M
 Heap Min Capacity: 8M
 Heap Initial Capacity: 120M
 Heap Max Capacity: 2G
 Pre-touch: Disabled
 Parallel Workers: 10
 Concurrent Workers: 3
 Concurrent Refinement Workers: 10
 Periodic GC: Disabled
Heap:
 garbage-first heap   total 206848K, used 116996K [0x0000000080000000, 0x0000000100000000)
  region size 1024K, 3 young (3072K), 3 survivors (3072K)
 Metaspace       used 120169K, committed 121088K, reserved 1179648K
  class space    used 17107K, committed 17600K, reserved 1048576K
GC Heap History (20 events):
Event: 22.444 GC heap after
{Heap after GC invocations=34 (full 0):
 garbage-first heap   total 201728K, used 97390K [0x0000000080000000, 0x0000000100000000)
  region size 1024K, 5 young (5120K), 5 survivors (5120K)
 Metaspace       used 98169K, committed 98880K, reserved 1179648K
  class space    used 13659K, committed 14016K, reserved 1048576K
}
Event: 23.662 GC heap before
{Heap before GC invocations=35 (full 0):
 garbage-first heap   total 201728K, used 164974K [0x0000000080000000, 0x0000000100000000)
  region size 1024K, 71 young (72704K), 5 survivors (5120K)
 Metaspace       used 100641K, committed 101376K, reserved 1179648K
  class space    used 14078K, committed 14464K, reserved 1048576K
}
Event: 23.676 GC heap after
{Heap after GC invocations=36 (full 0):
 garbage-first heap   total 201728K, used 103404K [0x0000000080000000, 0x0000000100000000)
  region size 1024K, 9 young (9216K), 9 survivors (9216K)
 Metaspace       used 100641K, committed 101376K, reserved 1179648K
  class space    used 14078K, committed 14464K, reserved 1048576K
}
Event: 23.684 GC heap before
{Heap before GC invocations=36 (full 0):
 garbage-first heap   total 201728K, used 104428K [0x0000000080000000, 0x0000000100000000)
  region size 1024K, 10 young (10240K), 9 survivors (9216K)
 Metaspace       used 100641K, committed 101376K, reserved 1179648K
  class space    used 14078K, committed 14464K, reserved 1048576K
}
Event: 23.694 GC heap after
{Heap after GC invocations=37 (full 0):
 garbage-first heap   total 201728K, used 103085K [0x0000000080000000, 0x0000000100000000)
  region size 1024K, 2 young (2048K), 2 survivors (2048K)
 Metaspace       used 100641K, committed 101376K, reserved 1179648K
  class space    used 14078K, committed 14464K, reserved 1048576K
}
Event: 24.656 GC heap before
{Heap before GC invocations=37 (full 0):
 garbage-first heap   total 201728K, used 163501K [0x0000000080000000, 0x0000000100000000)
  region size 1024K, 62 young (63488K), 2 survivors (2048K)
 Metaspace       used 101425K, committed 102144K, reserved 1179648K
  class space    used 14195K, committed 14528K, reserved 1048576K
}
Event: 24.664 GC heap after
{Heap after GC invocations=38 (full 0):
 garbage-first heap   total 201728K, used 106115K [0x0000000080000000, 0x0000000100000000)
  region size 1024K, 5 young (5120K), 5 survivors (5120K)
 Metaspace       used 101425K, committed 102144K, reserved 1179648K
  class space    used 14195K, committed 14528K, reserved 1048576K
}
Event: 25.865 GC heap before
{Heap before GC invocations=39 (full 0):
 garbage-first heap   total 201728K, used 164483K [0x0000000080000000, 0x0000000100000000)
  region size 1024K, 63 young (64512K), 5 survivors (5120K)
 Metaspace       used 103345K, committed 104064K, reserved 1179648K
  class space    used 14453K, committed 14784K, reserved 1048576K
}
Event: 25.874 GC heap after
{Heap after GC invocations=40 (full 0):
 garbage-first heap   total 201728K, used 109279K [0x0000000080000000, 0x0000000100000000)
  region size 1024K, 6 young (6144K), 6 survivors (6144K)
 Metaspace       used 103345K, committed 104064K, reserved 1179648K
  class space    used 14453K, committed 14784K, reserved 1048576K
}
Event: 25.936 GC heap before
{Heap before GC invocations=40 (full 0):
 garbage-first heap   total 201728K, used 112351K [0x0000000080000000, 0x0000000100000000)
  region size 1024K, 9 young (9216K), 6 survivors (6144K)
 Metaspace       used 103689K, committed 104448K, reserved 1179648K
  class space    used 14481K, committed 14848K, reserved 1048576K
}
Event: 25.943 GC heap after
{Heap after GC invocations=41 (full 0):
 garbage-first heap   total 201728K, used 108221K [0x0000000080000000, 0x0000000100000000)
  region size 1024K, 1 young (1024K), 1 survivors (1024K)
 Metaspace       used 103689K, committed 104448K, reserved 1179648K
  class space    used 14481K, committed 14848K, reserved 1048576K
}
Event: 26.585 GC heap before
{Heap before GC invocations=41 (full 0):
 garbage-first heap   total 201728K, used 164541K [0x0000000080000000, 0x0000000100000000)
  region size 1024K, 57 young (58368K), 1 survivors (1024K)
 Metaspace       used 105505K, committed 106304K, reserved 1179648K
  class space    used 14717K, committed 15104K, reserved 1048576K
}
Event: 26.594 GC heap after
{Heap after GC invocations=42 (full 0):
 garbage-first heap   total 201728K, used 112673K [0x0000000080000000, 0x0000000100000000)
  region size 1024K, 6 young (6144K), 6 survivors (6144K)
 Metaspace       used 105505K, committed 106304K, reserved 1179648K
  class space    used 14717K, committed 15104K, reserved 1048576K
}
Event: 36.111 GC heap before
{Heap before GC invocations=42 (full 0):
 garbage-first heap   total 201728K, used 153633K [0x0000000080000000, 0x0000000100000000)
  region size 1024K, 48 young (49152K), 6 survivors (6144K)
 Metaspace       used 106554K, committed 107392K, reserved 1179648K
  class space    used 14881K, committed 15296K, reserved 1048576K
}
Event: 36.119 GC heap after
{Heap after GC invocations=43 (full 0):
 garbage-first heap   total 201728K, used 115442K [0x0000000080000000, 0x0000000100000000)
  region size 1024K, 6 young (6144K), 6 survivors (6144K)
 Metaspace       used 106554K, committed 107392K, reserved 1179648K
  class space    used 14881K, committed 15296K, reserved 1048576K
}
Event: 37.687 GC heap before
{Heap before GC invocations=44 (full 0):
 garbage-first heap   total 206848K, used 168690K [0x0000000080000000, 0x0000000100000000)
  region size 1024K, 54 young (55296K), 6 survivors (6144K)
 Metaspace       used 112221K, committed 113152K, reserved 1179648K
  class space    used 15680K, committed 16192K, reserved 1048576K
}
Event: 37.696 GC heap after
{Heap after GC invocations=45 (full 0):
 garbage-first heap   total 206848K, used 117031K [0x0000000080000000, 0x0000000100000000)
  region size 1024K, 3 young (3072K), 3 survivors (3072K)
 Metaspace       used 112221K, committed 113152K, reserved 1179648K
  class space    used 15680K, committed 16192K, reserved 1048576K
}
Event: 37.848 GC heap before
{Heap before GC invocations=45 (full 0):
 garbage-first heap   total 206848K, used 123175K [0x0000000080000000, 0x0000000100000000)
  region size 1024K, 10 young (10240K), 3 survivors (3072K)
 Metaspace       used 113067K, committed 114048K, reserved 1179648K
  class space    used 15813K, committed 16320K, reserved 1048576K
}
Event: 37.853 GC heap after
{Heap after GC invocations=46 (full 0):
 garbage-first heap   total 206848K, used 115327K [0x0000000080000000, 0x0000000100000000)
  region size 1024K, 1 young (1024K), 1 survivors (1024K)
 Metaspace       used 113067K, committed 114048K, reserved 1179648K
  class space    used 15813K, committed 16320K, reserved 1048576K
}
Event: 38.617 GC heap before
{Heap before GC invocations=46 (full 0):
 garbage-first heap   total 206848K, used 170623K [0x0000000080000000, 0x0000000100000000)
  region size 1024K, 56 young (57344K), 1 survivors (1024K)
 Metaspace       used 120169K, committed 121088K, reserved 1179648K
  class space    used 17107K, committed 17600K, reserved 1048576K
}

