# JRE version: OpenJDK Runtime Environment (17.0.11) (build 17.0.11+0--11852314)
# Java VM: OpenJDK 64-Bit Server VM (17.0.11+0--11852314, mixed mode, tiered, compressed oops, compressed class ptrs, g1 gc, windows-amd64)
GC Precious Log:
 CPUs: 12 total, 12 available
 Memory: 7598M
 Large Page Support: Disabled
 NUMA Support: Disabled
 Compressed Oops: Enabled (32-bit)
 Heap Region Size: 1M
 Heap Min Capacity: 8M
 Heap Initial Capacity: 120M
 Heap Max Capacity: 2G
 Pre-touch: Disabled
 Parallel Workers: 10
 Concurrent Workers: 3
 Concurrent Refinement Workers: 10
 Periodic GC: Disabled
Heap:
 garbage-first heap   total 177152K, used 111785K [0x0000000080000000, 0x0000000100000000)
  region size 1024K, 33 young (33792K), 8 survivors (8192K)
 Metaspace       used 82209K, committed 82880K, reserved 1179648K
  class space    used 11197K, committed 11520K, reserved 1048576K
GC Heap History (20 events):
Event: 11.072 GC heap before
{Heap before GC invocations=20 (full 0):
 garbage-first heap   total 100352K, used 64765K [0x0000000080000000, 0x0000000100000000)
  region size 1024K, 4 young (4096K), 3 survivors (3072K)
 Metaspace       used 58253K, committed 58752K, reserved 1114112K
  class space    used 7994K, committed 8256K, reserved 1048576K
}
Event: 11.076 GC heap after
{Heap after GC invocations=21 (full 0):
 garbage-first heap   total 100352K, used 63672K [0x0000000080000000, 0x0000000100000000)
  region size 1024K, 1 young (1024K), 1 survivors (1024K)
 Metaspace       used 58253K, committed 58752K, reserved 1114112K
  class space    used 7994K, committed 8256K, reserved 1048576K
}
Event: 11.221 GC heap before
{Heap before GC invocations=21 (full 0):
 garbage-first heap   total 100352K, used 67768K [0x0000000080000000, 0x0000000100000000)
  region size 1024K, 7 young (7168K), 1 survivors (1024K)
 Metaspace       used 58591K, committed 59136K, reserved 1114112K
  class space    used 8024K, committed 8320K, reserved 1048576K
}
Event: 11.224 GC heap after
{Heap after GC invocations=22 (full 0):
 garbage-first heap   total 147456K, used 64080K [0x0000000080000000, 0x0000000100000000)
  region size 1024K, 1 young (1024K), 1 survivors (1024K)
 Metaspace       used 58591K, committed 59136K, reserved 1114112K
  class space    used 8024K, committed 8320K, reserved 1048576K
}
Event: 12.143 GC heap before
{Heap before GC invocations=22 (full 0):
 garbage-first heap   total 147456K, used 102992K [0x0000000080000000, 0x0000000100000000)
  region size 1024K, 38 young (38912K), 1 survivors (1024K)
 Metaspace       used 61676K, committed 62272K, reserved 1114112K
  class space    used 8423K, committed 8704K, reserved 1048576K
}
Event: 12.148 GC heap after
{Heap after GC invocations=23 (full 0):
 garbage-first heap   total 147456K, used 66520K [0x0000000080000000, 0x0000000100000000)
  region size 1024K, 2 young (2048K), 2 survivors (2048K)
 Metaspace       used 61676K, committed 62272K, reserved 1114112K
  class space    used 8423K, committed 8704K, reserved 1048576K
}
Event: 13.292 GC heap before
{Heap before GC invocations=23 (full 0):
 garbage-first heap   total 147456K, used 106456K [0x0000000080000000, 0x0000000100000000)
  region size 1024K, 41 young (41984K), 2 survivors (2048K)
 Metaspace       used 65986K, committed 66560K, reserved 1114112K
  class space    used 9001K, committed 9280K, reserved 1048576K
}
Event: 13.301 GC heap after
{Heap after GC invocations=24 (full 0):
 garbage-first heap   total 147456K, used 67277K [0x0000000080000000, 0x0000000100000000)
  region size 1024K, 3 young (3072K), 3 survivors (3072K)
 Metaspace       used 65986K, committed 66560K, reserved 1114112K
  class space    used 9001K, committed 9280K, reserved 1048576K
}
Event: 13.428 GC heap before
{Heap before GC invocations=24 (full 0):
 garbage-first heap   total 147456K, used 77517K [0x0000000080000000, 0x0000000100000000)
  region size 1024K, 13 young (13312K), 3 survivors (3072K)
 Metaspace       used 67311K, committed 67840K, reserved 1114112K
  class space    used 9140K, committed 9408K, reserved 1048576K
}
Event: 13.434 GC heap after
{Heap after GC invocations=25 (full 0):
 garbage-first heap   total 147456K, used 71701K [0x0000000080000000, 0x0000000100000000)
  region size 1024K, 6 young (6144K), 6 survivors (6144K)
 Metaspace       used 67311K, committed 67840K, reserved 1114112K
  class space    used 9140K, committed 9408K, reserved 1048576K
}
Event: 14.036 GC heap before
{Heap before GC invocations=26 (full 0):
 garbage-first heap   total 147456K, used 113685K [0x0000000080000000, 0x0000000100000000)
  region size 1024K, 43 young (44032K), 6 survivors (6144K)
 Metaspace       used 69536K, committed 70144K, reserved 1114112K
  class space    used 9460K, committed 9728K, reserved 1048576K
}
Event: 14.043 GC heap after
{Heap after GC invocations=27 (full 0):
 garbage-first heap   total 147456K, used 73588K [0x0000000080000000, 0x0000000100000000)
  region size 1024K, 3 young (3072K), 3 survivors (3072K)
 Metaspace       used 69536K, committed 70144K, reserved 1114112K
  class space    used 9460K, committed 9728K, reserved 1048576K
}
Event: 14.148 GC heap before
{Heap before GC invocations=27 (full 0):
 garbage-first heap   total 147456K, used 77684K [0x0000000080000000, 0x0000000100000000)
  region size 1024K, 7 young (7168K), 3 survivors (3072K)
 Metaspace       used 69839K, committed 70464K, reserved 1114112K
  class space    used 9500K, committed 9792K, reserved 1048576K
}
Event: 14.154 GC heap after
{Heap after GC invocations=28 (full 0):
 garbage-first heap   total 147456K, used 73074K [0x0000000080000000, 0x0000000100000000)
  region size 1024K, 1 young (1024K), 1 survivors (1024K)
 Metaspace       used 69839K, committed 70464K, reserved 1114112K
  class space    used 9500K, committed 9792K, reserved 1048576K
}
Event: 15.067 GC heap before
{Heap before GC invocations=28 (full 0):
 garbage-first heap   total 147456K, used 106866K [0x0000000080000000, 0x0000000100000000)
  region size 1024K, 35 young (35840K), 1 survivors (1024K)
 Metaspace       used 73154K, committed 73792K, reserved 1114112K
  class space    used 9932K, committed 10240K, reserved 1048576K
}
Event: 15.072 GC heap after
{Heap after GC invocations=29 (full 0):
 garbage-first heap   total 177152K, used 75125K [0x0000000080000000, 0x0000000100000000)
  region size 1024K, 3 young (3072K), 3 survivors (3072K)
 Metaspace       used 73154K, committed 73792K, reserved 1114112K
  class space    used 9932K, committed 10240K, reserved 1048576K
}
Event: 16.092 GC heap before
{Heap before GC invocations=29 (full 0):
 garbage-first heap   total 177152K, used 138613K [0x0000000080000000, 0x0000000100000000)
  region size 1024K, 61 young (62464K), 3 survivors (3072K)
 Metaspace       used 78715K, committed 79360K, reserved 1179648K
  class space    used 10711K, committed 11008K, reserved 1048576K
}
Event: 16.099 GC heap after
{Heap after GC invocations=30 (full 0):
 garbage-first heap   total 177152K, used 82384K [0x0000000080000000, 0x0000000100000000)
  region size 1024K, 6 young (6144K), 6 survivors (6144K)
 Metaspace       used 78715K, committed 79360K, reserved 1179648K
  class space    used 10711K, committed 11008K, reserved 1048576K
}
Event: 17.201 GC heap before
{Heap before GC invocations=30 (full 0):
 garbage-first heap   total 177152K, used 139728K [0x0000000080000000, 0x0000000100000000)
  region size 1024K, 62 young (63488K), 6 survivors (6144K)
 Metaspace       used 80328K, committed 81024K, reserved 1179648K
  class space    used 10930K, committed 11264K, reserved 1048576K
}
Event: 17.211 GC heap after
{Heap after GC invocations=31 (full 0):
 garbage-first heap   total 177152K, used 87209K [0x0000000080000000, 0x0000000100000000)
  region size 1024K, 8 young (8192K), 8 survivors (8192K)
 Metaspace       used 80328K, committed 81024K, reserved 1179648K
  class space    used 10930K, committed 11264K, reserved 1048576K
}

