# JRE version: OpenJDK Runtime Environment (17.0.11) (build 17.0.11+0--11852314)
# Java VM: OpenJDK 64-Bit Server VM (17.0.11+0--11852314, mixed mode, tiered, compressed oops, compressed class ptrs, g1 gc, windows-amd64)
GC Precious Log:
 CPUs: 12 total, 12 available
 Memory: 7598M
 Large Page Support: Disabled
 NUMA Support: Disabled
 Compressed Oops: Enabled (32-bit)
 Heap Region Size: 1M
 Heap Min Capacity: 8M
 Heap Initial Capacity: 120M
 Heap Max Capacity: 2G
 Pre-touch: Disabled
 Parallel Workers: 10
 Concurrent Workers: 3
 Concurrent Refinement Workers: 10
 Periodic GC: Disabled
Heap:
 garbage-first heap   total 167936K, used 73899K [0x0000000080000000, 0x0000000100000000)
  region size 1024K, 8 young (8192K), 6 survivors (6144K)
 Metaspace       used 68112K, committed 68800K, reserved 1114112K
  class space    used 9275K, committed 9600K, reserved 1048576K
GC Heap History (20 events):
Event: 11.754 GC heap before
{Heap before GC invocations=14 (full 0):
 garbage-first heap   total 86016K, used 68495K [0x0000000080000000, 0x0000000100000000)
  region size 1024K, 35 young (35840K), 4 survivors (4096K)
 Metaspace       used 56506K, committed 57088K, reserved 1114112K
  class space    used 7764K, committed 8064K, reserved 1048576K
}
Event: 11.761 GC heap after
{Heap after GC invocations=15 (full 0):
 garbage-first heap   total 86016K, used 41046K [0x0000000080000000, 0x0000000100000000)
  region size 1024K, 5 young (5120K), 5 survivors (5120K)
 Metaspace       used 56506K, committed 57088K, reserved 1114112K
  class space    used 7764K, committed 8064K, reserved 1048576K
}
Event: 12.116 GC heap before
{Heap before GC invocations=15 (full 0):
 garbage-first heap   total 86016K, used 65622K [0x0000000080000000, 0x0000000100000000)
  region size 1024K, 30 young (30720K), 5 survivors (5120K)
 Metaspace       used 56753K, committed 57344K, reserved 1114112K
  class space    used 7764K, committed 8064K, reserved 1048576K
}
Event: 12.122 GC heap after
{Heap after GC invocations=16 (full 0):
 garbage-first heap   total 86016K, used 43078K [0x0000000080000000, 0x0000000100000000)
  region size 1024K, 4 young (4096K), 4 survivors (4096K)
 Metaspace       used 56753K, committed 57344K, reserved 1114112K
  class space    used 7764K, committed 8064K, reserved 1048576K
}
Event: 12.324 GC heap before
{Heap before GC invocations=16 (full 0):
 garbage-first heap   total 86016K, used 57414K [0x0000000080000000, 0x0000000100000000)
  region size 1024K, 20 young (20480K), 4 survivors (4096K)
 Metaspace       used 57104K, committed 57664K, reserved 1114112K
  class space    used 7803K, committed 8064K, reserved 1048576K
}
Event: 12.328 GC heap after
{Heap after GC invocations=17 (full 0):
 garbage-first heap   total 86016K, used 43828K [0x0000000080000000, 0x0000000100000000)
  region size 1024K, 4 young (4096K), 4 survivors (4096K)
 Metaspace       used 57104K, committed 57664K, reserved 1114112K
  class space    used 7803K, committed 8064K, reserved 1048576K
}
Event: 12.807 GC heap before
{Heap before GC invocations=18 (full 0):
 garbage-first heap   total 86016K, used 74548K [0x0000000080000000, 0x0000000100000000)
  region size 1024K, 22 young (22528K), 4 survivors (4096K)
 Metaspace       used 57869K, committed 58432K, reserved 1114112K
  class space    used 7952K, committed 8256K, reserved 1048576K
}
Event: 12.815 GC heap after
{Heap after GC invocations=19 (full 0):
 garbage-first heap   total 107520K, used 63828K [0x0000000080000000, 0x0000000100000000)
  region size 1024K, 4 young (4096K), 4 survivors (4096K)
 Metaspace       used 57869K, committed 58432K, reserved 1114112K
  class space    used 7952K, committed 8256K, reserved 1048576K
}
Event: 12.842 GC heap before
{Heap before GC invocations=19 (full 0):
 garbage-first heap   total 107520K, used 64852K [0x0000000080000000, 0x0000000100000000)
  region size 1024K, 5 young (5120K), 4 survivors (4096K)
 Metaspace       used 57984K, committed 58560K, reserved 1114112K
  class space    used 7970K, committed 8256K, reserved 1048576K
}
Event: 12.846 GC heap after
{Heap after GC invocations=20 (full 0):
 garbage-first heap   total 107520K, used 64103K [0x0000000080000000, 0x0000000100000000)
  region size 1024K, 1 young (1024K), 1 survivors (1024K)
 Metaspace       used 57984K, committed 58560K, reserved 1114112K
  class space    used 7970K, committed 8256K, reserved 1048576K
}
Event: 13.020 GC heap before
{Heap before GC invocations=20 (full 0):
 garbage-first heap   total 107520K, used 72295K [0x0000000080000000, 0x0000000100000000)
  region size 1024K, 11 young (11264K), 1 survivors (1024K)
 Metaspace       used 58628K, committed 59200K, reserved 1114112K
  class space    used 8031K, committed 8320K, reserved 1048576K
}
Event: 13.021 GC heap after
{Heap after GC invocations=21 (full 0):
 garbage-first heap   total 107520K, used 64641K [0x0000000080000000, 0x0000000100000000)
  region size 1024K, 1 young (1024K), 1 survivors (1024K)
 Metaspace       used 58628K, committed 59200K, reserved 1114112K
  class space    used 8031K, committed 8320K, reserved 1048576K
}
Event: 13.508 GC heap before
{Heap before GC invocations=22 (full 0):
 garbage-first heap   total 114688K, used 84097K [0x0000000080000000, 0x0000000100000000)
  region size 1024K, 20 young (20480K), 1 survivors (1024K)
 Metaspace       used 60163K, committed 60736K, reserved 1114112K
  class space    used 8247K, committed 8512K, reserved 1048576K
}
Event: 13.512 GC heap after
{Heap after GC invocations=23 (full 0):
 garbage-first heap   total 114688K, used 66482K [0x0000000080000000, 0x0000000100000000)
  region size 1024K, 2 young (2048K), 2 survivors (2048K)
 Metaspace       used 60163K, committed 60736K, reserved 1114112K
  class space    used 8247K, committed 8512K, reserved 1048576K
}
Event: 13.591 GC heap before
{Heap before GC invocations=23 (full 0):
 garbage-first heap   total 114688K, used 69554K [0x0000000080000000, 0x0000000100000000)
  region size 1024K, 5 young (5120K), 2 survivors (2048K)
 Metaspace       used 60432K, committed 61056K, reserved 1114112K
  class space    used 8290K, committed 8576K, reserved 1048576K
}
Event: 13.594 GC heap after
{Heap after GC invocations=24 (full 0):
 garbage-first heap   total 114688K, used 65528K [0x0000000080000000, 0x0000000100000000)
  region size 1024K, 1 young (1024K), 1 survivors (1024K)
 Metaspace       used 60432K, committed 61056K, reserved 1114112K
  class space    used 8290K, committed 8576K, reserved 1048576K
}
Event: 13.984 GC heap before
{Heap before GC invocations=24 (full 0):
 garbage-first heap   total 114688K, used 88056K [0x0000000080000000, 0x0000000100000000)
  region size 1024K, 24 young (24576K), 1 survivors (1024K)
 Metaspace       used 62641K, committed 63296K, reserved 1114112K
  class space    used 8521K, committed 8832K, reserved 1048576K
}
Event: 13.987 GC heap after
{Heap after GC invocations=25 (full 0):
 garbage-first heap   total 167936K, used 66217K [0x0000000080000000, 0x0000000100000000)
  region size 1024K, 1 young (1024K), 1 survivors (1024K)
 Metaspace       used 62641K, committed 63296K, reserved 1114112K
  class space    used 8521K, committed 8832K, reserved 1048576K
}
Event: 15.024 GC heap before
{Heap before GC invocations=26 (full 0):
 garbage-first heap   total 167936K, used 128681K [0x0000000080000000, 0x0000000100000000)
  region size 1024K, 57 young (58368K), 1 survivors (1024K)
 Metaspace       used 67932K, committed 68544K, reserved 1114112K
  class space    used 9257K, committed 9536K, reserved 1048576K
}
Event: 15.031 GC heap after
{Heap after GC invocations=27 (full 0):
 garbage-first heap   total 167936K, used 71851K [0x0000000080000000, 0x0000000100000000)
  region size 1024K, 6 young (6144K), 6 survivors (6144K)
 Metaspace       used 67932K, committed 68544K, reserved 1114112K
  class space    used 9257K, committed 9536K, reserved 1048576K
}

