# JRE version: OpenJDK Runtime Environment (17.0.11) (build 17.0.11+0--11852314)
# Java VM: OpenJDK 64-Bit Server VM (17.0.11+0--11852314, mixed mode, tiered, compressed oops, compressed class ptrs, g1 gc, windows-amd64)
GC Precious Log:
 CPUs: 12 total, 12 available
 Memory: 7598M
 Large Page Support: Disabled
 NUMA Support: Disabled
 Compressed Oops: Enabled (32-bit)
 Heap Region Size: 1M
 Heap Min Capacity: 8M
 Heap Initial Capacity: 120M
 Heap Max Capacity: 2G
 Pre-touch: Disabled
 Parallel Workers: 10
 Concurrent Workers: 3
 Concurrent Refinement Workers: 10
 Periodic GC: Disabled
Heap:
 garbage-first heap   total 89088K, used 63797K [0x0000000080000000, 0x0000000100000000)
  region size 1024K, 1 young (1024K), 1 survivors (1024K)
 Metaspace       used 58620K, committed 59200K, reserved 1114112K
  class space    used 8023K, committed 8320K, reserved 1048576K
GC Heap History (20 events):
Event: 5.951 GC heap after
{Heap after GC invocations=10 (full 0):
 garbage-first heap   total 68608K, used 28081K [0x0000000080000000, 0x0000000100000000)
  region size 1024K, 4 young (4096K), 4 survivors (4096K)
 Metaspace       used 41306K, committed 41664K, reserved 1114112K
  class space    used 5474K, committed 5632K, reserved 1048576K
}
Event: 6.168 GC heap before
{Heap before GC invocations=10 (full 0):
 garbage-first heap   total 68608K, used 52657K [0x0000000080000000, 0x0000000100000000)
  region size 1024K, 28 young (28672K), 4 survivors (4096K)
 Metaspace       used 42416K, committed 42816K, reserved 1114112K
  class space    used 5649K, committed 5824K, reserved 1048576K
}
Event: 6.175 GC heap after
{Heap after GC invocations=11 (full 0):
 garbage-first heap   total 68608K, used 30370K [0x0000000080000000, 0x0000000100000000)
  region size 1024K, 3 young (3072K), 3 survivors (3072K)
 Metaspace       used 42416K, committed 42816K, reserved 1114112K
  class space    used 5649K, committed 5824K, reserved 1048576K
}
Event: 6.608 GC heap before
{Heap before GC invocations=11 (full 0):
 garbage-first heap   total 68608K, used 51874K [0x0000000080000000, 0x0000000100000000)
  region size 1024K, 25 young (25600K), 3 survivors (3072K)
 Metaspace       used 44535K, committed 44992K, reserved 1114112K
  class space    used 5982K, committed 6208K, reserved 1048576K
}
Event: 6.612 GC heap after
{Heap after GC invocations=12 (full 0):
 garbage-first heap   total 86016K, used 31925K [0x0000000080000000, 0x0000000100000000)
  region size 1024K, 4 young (4096K), 4 survivors (4096K)
 Metaspace       used 44535K, committed 44992K, reserved 1114112K
  class space    used 5982K, committed 6208K, reserved 1048576K
}
Event: 7.289 GC heap before
{Heap before GC invocations=12 (full 0):
 garbage-first heap   total 86016K, used 66741K [0x0000000080000000, 0x0000000100000000)
  region size 1024K, 38 young (38912K), 4 survivors (4096K)
 Metaspace       used 49001K, committed 49408K, reserved 1114112K
  class space    used 6721K, committed 6912K, reserved 1048576K
}
Event: 7.293 GC heap after
{Heap after GC invocations=13 (full 0):
 garbage-first heap   total 86016K, used 33733K [0x0000000080000000, 0x0000000100000000)
  region size 1024K, 4 young (4096K), 4 survivors (4096K)
 Metaspace       used 49001K, committed 49408K, reserved 1114112K
  class space    used 6721K, committed 6912K, reserved 1048576K
}
Event: 7.945 GC heap before
{Heap before GC invocations=13 (full 0):
 garbage-first heap   total 86016K, used 69573K [0x0000000080000000, 0x0000000100000000)
  region size 1024K, 37 young (37888K), 4 survivors (4096K)
 Metaspace       used 53549K, committed 54016K, reserved 1114112K
  class space    used 7343K, committed 7552K, reserved 1048576K
}
Event: 7.952 GC heap after
{Heap after GC invocations=14 (full 0):
 garbage-first heap   total 86016K, used 35554K [0x0000000080000000, 0x0000000100000000)
  region size 1024K, 4 young (4096K), 4 survivors (4096K)
 Metaspace       used 53549K, committed 54016K, reserved 1114112K
  class space    used 7343K, committed 7552K, reserved 1048576K
}
Event: 8.786 GC heap before
{Heap before GC invocations=14 (full 0):
 garbage-first heap   total 86016K, used 67298K [0x0000000080000000, 0x0000000100000000)
  region size 1024K, 36 young (36864K), 4 survivors (4096K)
 Metaspace       used 56111K, committed 56640K, reserved 1114112K
  class space    used 7686K, committed 7936K, reserved 1048576K
}
Event: 8.793 GC heap after
{Heap after GC invocations=15 (full 0):
 garbage-first heap   total 86016K, used 39069K [0x0000000080000000, 0x0000000100000000)
  region size 1024K, 5 young (5120K), 5 survivors (5120K)
 Metaspace       used 56111K, committed 56640K, reserved 1114112K
  class space    used 7686K, committed 7936K, reserved 1048576K
}
Event: 9.183 GC heap before
{Heap before GC invocations=15 (full 0):
 garbage-first heap   total 86016K, used 66717K [0x0000000080000000, 0x0000000100000000)
  region size 1024K, 33 young (33792K), 5 survivors (5120K)
 Metaspace       used 56699K, committed 57216K, reserved 1114112K
  class space    used 7759K, committed 8000K, reserved 1048576K
}
Event: 9.189 GC heap after
{Heap after GC invocations=16 (full 0):
 garbage-first heap   total 86016K, used 42758K [0x0000000080000000, 0x0000000100000000)
  region size 1024K, 4 young (4096K), 4 survivors (4096K)
 Metaspace       used 56699K, committed 57216K, reserved 1114112K
  class space    used 7759K, committed 8000K, reserved 1048576K
}
Event: 9.497 GC heap before
{Heap before GC invocations=16 (full 0):
 garbage-first heap   total 86016K, used 64262K [0x0000000080000000, 0x0000000100000000)
  region size 1024K, 27 young (27648K), 4 survivors (4096K)
 Metaspace       used 57110K, committed 57664K, reserved 1114112K
  class space    used 7798K, committed 8064K, reserved 1048576K
}
Event: 9.502 GC heap after
{Heap after GC invocations=17 (full 0):
 garbage-first heap   total 86016K, used 43635K [0x0000000080000000, 0x0000000100000000)
  region size 1024K, 4 young (4096K), 4 survivors (4096K)
 Metaspace       used 57110K, committed 57664K, reserved 1114112K
  class space    used 7798K, committed 8064K, reserved 1048576K
}
Event: 9.974 GC heap before
{Heap before GC invocations=18 (full 0):
 garbage-first heap   total 86016K, used 75379K [0x0000000080000000, 0x0000000100000000)
  region size 1024K, 23 young (23552K), 4 survivors (4096K)
 Metaspace       used 57987K, committed 58560K, reserved 1114112K
  class space    used 7963K, committed 8256K, reserved 1048576K
}
Event: 10.996 GC heap after
{Heap after GC invocations=19 (full 0):
 garbage-first heap   total 89088K, used 63567K [0x0000000080000000, 0x0000000100000000)
  region size 1024K, 4 young (4096K), 4 survivors (4096K)
 Metaspace       used 57987K, committed 58560K, reserved 1114112K
  class space    used 7963K, committed 8256K, reserved 1048576K
}
Event: 11.021 GC heap before
{Heap before GC invocations=19 (full 0):
 garbage-first heap   total 89088K, used 63567K [0x0000000080000000, 0x0000000100000000)
  region size 1024K, 5 young (5120K), 4 survivors (4096K)
 Metaspace       used 58020K, committed 58560K, reserved 1114112K
  class space    used 7966K, committed 8256K, reserved 1048576K
}
Event: 11.024 GC heap after
{Heap after GC invocations=20 (full 0):
 garbage-first heap   total 89088K, used 63702K [0x0000000080000000, 0x0000000100000000)
  region size 1024K, 1 young (1024K), 1 survivors (1024K)
 Metaspace       used 58020K, committed 58560K, reserved 1114112K
  class space    used 7966K, committed 8256K, reserved 1048576K
}
Event: 11.160 GC heap before
{Heap before GC invocations=20 (full 0):
 garbage-first heap   total 89088K, used 70870K [0x0000000080000000, 0x0000000100000000)
  region size 1024K, 10 young (10240K), 1 survivors (1024K)
 Metaspace       used 58620K, committed 59200K, reserved 1114112K
  class space    used 8023K, committed 8320K, reserved 1048576K
}

