# JRE version: OpenJDK Runtime Environment (17.0.11) (build 17.0.11+0--11852314)
# Java VM: OpenJDK 64-Bit Server VM (17.0.11+0--11852314, mixed mode, tiered, compressed oops, compressed class ptrs, g1 gc, windows-amd64)
GC Precious Log:
 CPUs: 12 total, 12 available
 Memory: 7598M
 Large Page Support: Disabled
 NUMA Support: Disabled
 Compressed Oops: Enabled (32-bit)
 Heap Region Size: 1M
 Heap Min Capacity: 8M
 Heap Initial Capacity: 120M
 Heap Max Capacity: 2G
 Pre-touch: Disabled
 Parallel Workers: 10
 Concurrent Workers: 3
 Concurrent Refinement Workers: 10
 Periodic GC: Disabled
Heap:
 garbage-first heap   total 167936K, used 80845K [0x0000000080000000, 0x0000000100000000)
  region size 1024K, 17 young (17408K), 1 survivors (1024K)
 Metaspace       used 63841K, committed 64448K, reserved 1114112K
  class space    used 8672K, committed 8960K, reserved 1048576K
GC Heap History (20 events):
Event: 8.353 GC heap before
{Heap before GC invocations=13 (full 0):
 garbage-first heap   total 86016K, used 68343K [0x0000000080000000, 0x0000000100000000)
  region size 1024K, 34 young (34816K), 3 survivors (3072K)
 Metaspace       used 55173K, committed 55744K, reserved 1114112K
  class space    used 7593K, committed 7872K, reserved 1048576K
}
Event: 8.358 GC heap after
{Heap after GC invocations=14 (full 0):
 garbage-first heap   total 86016K, used 35831K [0x0000000080000000, 0x0000000100000000)
  region size 1024K, 4 young (4096K), 4 survivors (4096K)
 Metaspace       used 55173K, committed 55744K, reserved 1114112K
  class space    used 7593K, committed 7872K, reserved 1048576K
}
Event: 9.204 GC heap before
{Heap before GC invocations=14 (full 0):
 garbage-first heap   total 86016K, used 66551K [0x0000000080000000, 0x0000000100000000)
  region size 1024K, 35 young (35840K), 4 survivors (4096K)
 Metaspace       used 56475K, committed 57024K, reserved 1114112K
  class space    used 7767K, committed 8064K, reserved 1048576K
}
Event: 9.214 GC heap after
{Heap after GC invocations=15 (full 0):
 garbage-first heap   total 86016K, used 40939K [0x0000000080000000, 0x0000000100000000)
  region size 1024K, 5 young (5120K), 5 survivors (5120K)
 Metaspace       used 56475K, committed 57024K, reserved 1114112K
  class space    used 7767K, committed 8064K, reserved 1048576K
}
Event: 9.462 GC heap before
{Heap before GC invocations=15 (full 0):
 garbage-first heap   total 86016K, used 65515K [0x0000000080000000, 0x0000000100000000)
  region size 1024K, 30 young (30720K), 5 survivors (5120K)
 Metaspace       used 56692K, committed 57216K, reserved 1114112K
  class space    used 7767K, committed 8064K, reserved 1048576K
}
Event: 9.469 GC heap after
{Heap after GC invocations=16 (full 0):
 garbage-first heap   total 86016K, used 43251K [0x0000000080000000, 0x0000000100000000)
  region size 1024K, 4 young (4096K), 4 survivors (4096K)
 Metaspace       used 56692K, committed 57216K, reserved 1114112K
  class space    used 7767K, committed 8064K, reserved 1048576K
}
Event: 9.598 GC heap before
{Heap before GC invocations=16 (full 0):
 garbage-first heap   total 86016K, used 54515K [0x0000000080000000, 0x0000000100000000)
  region size 1024K, 16 young (16384K), 4 survivors (4096K)
 Metaspace       used 57004K, committed 57536K, reserved 1114112K
  class space    used 7807K, committed 8064K, reserved 1048576K
}
Event: 9.601 GC heap after
{Heap after GC invocations=17 (full 0):
 garbage-first heap   total 86016K, used 44089K [0x0000000080000000, 0x0000000100000000)
  region size 1024K, 3 young (3072K), 3 survivors (3072K)
 Metaspace       used 57004K, committed 57536K, reserved 1114112K
  class space    used 7807K, committed 8064K, reserved 1048576K
}
Event: 9.924 GC heap before
{Heap before GC invocations=18 (full 0):
 garbage-first heap   total 86016K, used 74809K [0x0000000080000000, 0x0000000100000000)
  region size 1024K, 21 young (21504K), 3 survivors (3072K)
 Metaspace       used 57771K, committed 58368K, reserved 1114112K
  class space    used 7954K, committed 8256K, reserved 1048576K
}
Event: 9.932 GC heap after
{Heap after GC invocations=19 (full 0):
 garbage-first heap   total 104448K, used 63630K [0x0000000080000000, 0x0000000100000000)
  region size 1024K, 3 young (3072K), 3 survivors (3072K)
 Metaspace       used 57771K, committed 58368K, reserved 1114112K
  class space    used 7954K, committed 8256K, reserved 1048576K
}
Event: 9.976 GC heap before
{Heap before GC invocations=19 (full 0):
 garbage-first heap   total 104448K, used 64654K [0x0000000080000000, 0x0000000100000000)
  region size 1024K, 5 young (5120K), 3 survivors (3072K)
 Metaspace       used 57920K, committed 58496K, reserved 1114112K
  class space    used 7974K, committed 8256K, reserved 1048576K
}
Event: 9.980 GC heap after
{Heap after GC invocations=20 (full 0):
 garbage-first heap   total 104448K, used 63496K [0x0000000080000000, 0x0000000100000000)
  region size 1024K, 1 young (1024K), 1 survivors (1024K)
 Metaspace       used 57920K, committed 58496K, reserved 1114112K
  class space    used 7974K, committed 8256K, reserved 1048576K
}
Event: 10.054 GC heap before
{Heap before GC invocations=20 (full 0):
 garbage-first heap   total 104448K, used 70664K [0x0000000080000000, 0x0000000100000000)
  region size 1024K, 10 young (10240K), 1 survivors (1024K)
 Metaspace       used 58517K, committed 59136K, reserved 1114112K
  class space    used 8031K, committed 8320K, reserved 1048576K
}
Event: 10.057 GC heap after
{Heap after GC invocations=21 (full 0):
 garbage-first heap   total 104448K, used 63679K [0x0000000080000000, 0x0000000100000000)
  region size 1024K, 1 young (1024K), 1 survivors (1024K)
 Metaspace       used 58517K, committed 59136K, reserved 1114112K
  class space    used 8031K, committed 8320K, reserved 1048576K
}
Event: 10.461 GC heap before
{Heap before GC invocations=22 (full 0):
 garbage-first heap   total 111616K, used 81087K [0x0000000080000000, 0x0000000100000000)
  region size 1024K, 18 young (18432K), 1 survivors (1024K)
 Metaspace       used 59884K, committed 60480K, reserved 1114112K
  class space    used 8219K, committed 8512K, reserved 1048576K
}
Event: 10.465 GC heap after
{Heap after GC invocations=23 (full 0):
 garbage-first heap   total 111616K, used 65185K [0x0000000080000000, 0x0000000100000000)
  region size 1024K, 2 young (2048K), 2 survivors (2048K)
 Metaspace       used 59884K, committed 60480K, reserved 1114112K
  class space    used 8219K, committed 8512K, reserved 1048576K
}
Event: 10.513 GC heap before
{Heap before GC invocations=23 (full 0):
 garbage-first heap   total 111616K, used 67233K [0x0000000080000000, 0x0000000100000000)
  region size 1024K, 5 young (5120K), 2 survivors (2048K)
 Metaspace       used 60145K, committed 60672K, reserved 1114112K
  class space    used 8256K, committed 8512K, reserved 1048576K
}
Event: 10.517 GC heap after
{Heap after GC invocations=24 (full 0):
 garbage-first heap   total 111616K, used 64741K [0x0000000080000000, 0x0000000100000000)
  region size 1024K, 1 young (1024K), 1 survivors (1024K)
 Metaspace       used 60145K, committed 60672K, reserved 1114112K
  class space    used 8256K, committed 8512K, reserved 1048576K
}
Event: 10.929 GC heap before
{Heap before GC invocations=24 (full 0):
 garbage-first heap   total 111616K, used 85221K [0x0000000080000000, 0x0000000100000000)
  region size 1024K, 22 young (22528K), 1 survivors (1024K)
 Metaspace       used 62129K, committed 62720K, reserved 1114112K
  class space    used 8464K, committed 8768K, reserved 1048576K
}
Event: 10.933 GC heap after
{Heap after GC invocations=25 (full 0):
 garbage-first heap   total 167936K, used 65485K [0x0000000080000000, 0x0000000100000000)
  region size 1024K, 1 young (1024K), 1 survivors (1024K)
 Metaspace       used 62129K, committed 62720K, reserved 1114112K
  class space    used 8464K, committed 8768K, reserved 1048576K
}

